# JRE version: OpenJDK Runtime Environment (8.0_152-b04) (build 1.8.0_152-release-1136-b04)
# Java VM: OpenJDK 64-Bit Server VM (25.152-b04 mixed mode linux-amd64 compressed oops)
Heap:
 PSYoungGen      total 347136K, used 0K [0x00000000e0000000, 0x0000000100000000, 0x0000000100000000)
  eden space 189440K, 0% used [0x00000000e0000000,0x00000000e0000000,0x00000000eb900000)
  from space 157696K, 0% used [0x00000000eb900000,0x00000000eb900000,0x00000000f5300000)
  to   space 174592K, 0% used [0x00000000f5580000,0x00000000f5580000,0x0000000100000000)
 ParOldGen       total 350720K, used 222457K [0x00000000a0000000, 0x00000000b5680000, 0x00000000e0000000)
  object space 350720K, 63% used [0x00000000a0000000,0x00000000ad93e498,0x00000000b5680000)
 Metaspace       used 116671K, capacity 120708K, committed 120832K, reserved 1155072K
  class space    used 14641K, capacity 15568K, committed 15616K, reserved 1048576K
GC Heap History (10 events):
Event: 140.372 GC heap after
Heap after GC invocations=31 (full 6):
 PSYoungGen      total 398336K, used 125945K [0x00000000e0000000, 0x0000000100000000, 0x0000000100000000)
  eden space 272384K, 0% used [0x00000000e0000000,0x00000000e0000000,0x00000000f0a00000)
  from space 125952K, 99% used [0x00000000f0a00000,0x00000000f84fe7e0,0x00000000f8500000)
  to   space 125952K, 0% used [0x00000000f8500000,0x00000000f8500000,0x0000000100000000)
 ParOldGen       total 350720K, used 215783K [0x00000000a0000000, 0x00000000b5680000, 0x00000000e0000000)
  object space 350720K, 61% used [0x00000000a0000000,0x00000000ad2b9dd8,0x00000000b5680000)
 Metaspace       used 107464K, capacity 111338K, committed 112000K, reserved 1146880K
  class space    used 13698K, capacity 14621K, committed 14720K, reserved 1048576K
}
Event: 684.922 GC heap before
{Heap before GC invocations=32 (full 6):
 PSYoungGen      total 398336K, used 398329K [0x00000000e0000000, 0x0000000100000000, 0x0000000100000000)
  eden space 272384K, 100% used [0x00000000e0000000,0x00000000f0a00000,0x00000000f0a00000)
  from space 125952K, 99% used [0x00000000f0a00000,0x00000000f84fe7e0,0x00000000f8500000)
  to   space 125952K, 0% used [0x00000000f8500000,0x00000000f8500000,0x0000000100000000)
 ParOldGen       total 350720K, used 215783K [0x00000000a0000000, 0x00000000b5680000, 0x00000000e0000000)
  object space 350720K, 61% used [0x00000000a0000000,0x00000000ad2b9dd8,0x00000000b5680000)
 Metaspace       used 108238K, capacity 112184K, committed 112512K, reserved 1146880K
  class space    used 13717K, capacity 14654K, committed 14720K, reserved 1048576K
Event: 691.921 GC heap after
Heap after GC invocations=32 (full 6):
 PSYoungGen      total 362496K, used 63097K [0x00000000e0000000, 0x0000000100000000, 0x0000000100000000)
  eden space 236544K, 0% used [0x00000000e0000000,0x00000000e0000000,0x00000000ee700000)
  from space 125952K, 50% used [0x00000000f8500000,0x00000000fc29e6b0,0x0000000100000000)
  to   space 143872K, 0% used [0x00000000ee700000,0x00000000ee700000,0x00000000f7380000)
 ParOldGen       total 350720K, used 262576K [0x00000000a0000000, 0x00000000b5680000, 0x00000000e0000000)
  object space 350720K, 74% used [0x00000000a0000000,0x00000000b006c038,0x00000000b5680000)
 Metaspace       used 108238K, capacity 112184K, committed 112512K, reserved 1146880K
  class space    used 13717K, capacity 14654K, committed 14720K, reserved 1048576K
}
Event: 704.501 GC heap before
{Heap before GC invocations=33 (full 6):
 PSYoungGen      total 362496K, used 299641K [0x00000000e0000000, 0x0000000100000000, 0x0000000100000000)
  eden space 236544K, 100% used [0x00000000e0000000,0x00000000ee700000,0x00000000ee700000)
  from space 125952K, 50% used [0x00000000f8500000,0x00000000fc29e6b0,0x0000000100000000)
  to   space 143872K, 0% used [0x00000000ee700000,0x00000000ee700000,0x00000000f7380000)
 ParOldGen       total 350720K, used 262576K [0x00000000a0000000, 0x00000000b5680000, 0x00000000e0000000)
  object space 350720K, 74% used [0x00000000a0000000,0x00000000b006c038,0x00000000b5680000)
 Metaspace       used 110520K, capacity 114394K, committed 114816K, reserved 1148928K
  class space    used 13991K, capacity 14889K, committed 14976K, reserved 1048576K
Event: 704.750 GC heap after
Heap after GC invocations=33 (full 6):
 PSYoungGen      total 380416K, used 78791K [0x00000000e0000000, 0x0000000100000000, 0x0000000100000000)
  eden space 236544K, 0% used [0x00000000e0000000,0x00000000e0000000,0x00000000ee700000)
  from space 143872K, 54% used [0x00000000ee700000,0x00000000f33f1f90,0x00000000f7380000)
  to   space 143360K, 0% used [0x00000000f7400000,0x00000000f7400000,0x0000000100000000)
 ParOldGen       total 350720K, used 262584K [0x00000000a0000000, 0x00000000b5680000, 0x00000000e0000000)
  object space 350720K, 74% used [0x00000000a0000000,0x00000000b006e038,0x00000000b5680000)
 Metaspace       used 110520K, capacity 114394K, committed 114816K, reserved 1148928K
  class space    used 13991K, capacity 14889K, committed 14976K, reserved 1048576K
}
Event: 707.435 GC heap before
{Heap before GC invocations=34 (full 6):
 PSYoungGen      total 380416K, used 315335K [0x00000000e0000000, 0x0000000100000000, 0x0000000100000000)
  eden space 236544K, 100% used [0x00000000e0000000,0x00000000ee700000,0x00000000ee700000)
  from space 143872K, 54% used [0x00000000ee700000,0x00000000f33f1f90,0x00000000f7380000)
  to   space 143360K, 0% used [0x00000000f7400000,0x00000000f7400000,0x0000000100000000)
 ParOldGen       total 350720K, used 262584K [0x00000000a0000000, 0x00000000b5680000, 0x00000000e0000000)
  object space 350720K, 74% used [0x00000000a0000000,0x00000000b006e038,0x00000000b5680000)
 Metaspace       used 115836K, capacity 119902K, committed 120320K, reserved 1155072K
  class space    used 14565K, capacity 15495K, committed 15616K, reserved 1048576K
Event: 708.047 GC heap after
Heap after GC invocations=34 (full 6):
 PSYoungGen      total 332800K, used 143346K [0x00000000e0000000, 0x0000000100000000, 0x0000000100000000)
  eden space 189440K, 0% used [0x00000000e0000000,0x00000000e0000000,0x00000000eb900000)
  from space 143360K, 99% used [0x00000000f7400000,0x00000000ffffcaa0,0x0000000100000000)
  to   space 167424K, 0% used [0x00000000eb900000,0x00000000eb900000,0x00000000f5c80000)
 ParOldGen       total 350720K, used 265427K [0x00000000a0000000, 0x00000000b5680000, 0x00000000e0000000)
  object space 350720K, 75% used [0x00000000a0000000,0x00000000b0334fe0,0x00000000b5680000)
 Metaspace       used 115836K, capacity 119902K, committed 120320K, reserved 1155072K
  class space    used 14565K, capacity 15495K, committed 15616K, reserved 1048576K
}
Event: 710.176 GC heap before
{Heap before GC invocations=35 (full 6):
 PSYoungGen      total 332800K, used 332786K [0x00000000e0000000, 0x0000000100000000, 0x0000000100000000)
  eden space 189440K, 100% used [0x00000000e0000000,0x00000000eb900000,0x00000000eb900000)
  from space 143360K, 99% used [0x00000000f7400000,0x00000000ffffcaa0,0x0000000100000000)
  to   space 167424K, 0% used [0x00000000eb900000,0x00000000eb900000,0x00000000f5c80000)
 ParOldGen       total 350720K, used 265427K [0x00000000a0000000, 0x00000000b5680000, 0x00000000e0000000)
  object space 350720K, 75% used [0x00000000a0000000,0x00000000b0334fe0,0x00000000b5680000)
 Metaspace       used 116671K, capacity 120708K, committed 120832K, reserved 1155072K
  class space    used 14641K, capacity 15568K, committed 15616K, reserved 1048576K
Event: 710.544 GC heap after
Heap after GC invocations=35 (full 6):
 PSYoungGen      total 347136K, used 157337K [0x00000000e0000000, 0x0000000100000000, 0x0000000100000000)
  eden space 189440K, 0% used [0x00000000e0000000,0x00000000e0000000,0x00000000eb900000)
  from space 157696K, 99% used [0x00000000eb900000,0x00000000f52a6690,0x00000000f5300000)
  to   space 174592K, 0% used [0x00000000f5580000,0x00000000f5580000,0x0000000100000000)
 ParOldGen       total 350720K, used 318691K [0x00000000a0000000, 0x00000000b5680000, 0x00000000e0000000)
  object space 350720K, 90% used [0x00000000a0000000,0x00000000b3738c80,0x00000000b5680000)
 Metaspace       used 116671K, capacity 120708K, committed 120832K, reserved 1155072K
  class space    used 14641K, capacity 15568K, committed 15616K, reserved 1048576K
}
Event: 711.395 GC heap before
{Heap before GC invocations=36 (full 7):
 PSYoungGen      total 347136K, used 157337K [0x00000000e0000000, 0x0000000100000000, 0x0000000100000000)
  eden space 189440K, 0% used [0x00000000e0000000,0x00000000e0000000,0x00000000eb900000)
  from space 157696K, 99% used [0x00000000eb900000,0x00000000f52a6690,0x00000000f5300000)
  to   space 174592K, 0% used [0x00000000f5580000,0x00000000f5580000,0x0000000100000000)
 ParOldGen       total 350720K, used 318691K [0x00000000a0000000, 0x00000000b5680000, 0x00000000e0000000)
  object space 350720K, 90% used [0x00000000a0000000,0x00000000b3738c80,0x00000000b5680000)
 Metaspace       used 116671K, capacity 120708K, committed 120832K, reserved 1155072K
  class space    used 14641K, capacity 15568K, committed 15616K, reserved 1048576K

